<?xml version="1.0" encoding="UTF-8"?>
<!-- Generated by org.testng.reporters.JUnitReportReporter -->
<testsuite hostname="Abhi" failures="0" tests="1" name="com.enhops.restful.apitest.testcases.NSDLTestCases" time="3.290" errors="0" timestamp="2022-06-01T13:32:24 IST" skipped="0">
  <testcase classname="com.enhops.restful.apitest.testcases.NSDLTestCases" name="RetailsSearchResponse" time="3.290"/>
  <system-out/>
</testsuite> <!-- com.enhops.restful.apitest.testcases.NSDLTestCases -->
