<?xml version="1.0" encoding="UTF-8"?>
<!-- Generated by org.testng.reporters.JUnitReportReporter -->
<testsuite hostname="Abhi" failures="0" tests="1" name="com.restfulbooker.apitest.businessLogics.LoginTest" time="2.835" errors="0" timestamp="2022-05-25T19:21:31 IST" skipped="0">
  <testcase classname="com.restfulbooker.apitest.businessLogics.LoginTest" name="validLoginTest" time="2.835"/>
  <system-out/>
</testsuite> <!-- com.restfulbooker.apitest.businessLogics.LoginTest -->
