<?xml version="1.0" encoding="UTF-8"?>
<!-- Generated by org.testng.reporters.JUnitReportReporter -->
<testsuite hostname="Abhi" failures="0" tests="2" name="com.enhops.restful.apitest.testcases.NSDLTestCases" time="7.187" errors="0" timestamp="2022-06-02T14:00:10 IST" skipped="0">
  <testcase classname="com.enhops.restful.apitest.testcases.NSDLTestCases" name="RetailsSearchResponse" time="2.784"/>
  <system-out/>
  <testcase classname="com.enhops.restful.apitest.testcases.NSDLTestCases" name="RetailsSearchResponseWithoutHeader" time="4.403"/>
  <system-out/>
</testsuite> <!-- com.enhops.restful.apitest.testcases.NSDLTestCases -->
