<?xml version="1.0" encoding="UTF-8"?>
<!-- Generated by org.testng.reporters.JUnitReportReporter -->
<testsuite hostname="Abhi" failures="0" tests="2" name="com.restfulbooker.apitest.businessLogics.LoginTest" time="3.877" errors="0" timestamp="2022-05-25T19:24:43 IST" skipped="0">
  <testcase classname="com.restfulbooker.apitest.businessLogics.LoginTest" name="validLoginTest" time="1.119"/>
  <system-out/>
  <testcase classname="com.restfulbooker.apitest.businessLogics.LoginTest" name="invalidLoginTest" time="2.758"/>
  <system-out/>
</testsuite> <!-- com.restfulbooker.apitest.businessLogics.LoginTest -->
